<?xml version="1.0" encoding="UTF-8"?>
<testng-results ignored="0" total="2" passed="2" failed="0" skipped="0">
  <reporter-output>
  </reporter-output>
  <suite started-at="2023-07-12T14:34:31 IST" name="Default suite" finished-at="2023-07-12T14:34:55 IST" duration-ms="24276">
    <groups>
    </groups>
    <test started-at="2023-07-12T14:34:31 IST" name="Default test" finished-at="2023-07-12T14:34:55 IST" duration-ms="24276">
      <class name="TestNg_Classes.HomePage_ShopnewYogaTest">
        <test-method is-config="true" signature="setReporting()[pri:0, instance:TestNg_Classes.HomePage_ShopnewYogaTest@62452cc9]" started-at="2023-07-12T14:34:31 IST" name="setReporting" finished-at="2023-07-12T14:34:31 IST" duration-ms="48" status="PASS">
          <reporter-output>
          </reporter-output>
        </test-method> <!-- setReporting -->
        <test-method is-config="true" signature="setup()[pri:0, instance:TestNg_Classes.HomePage_ShopnewYogaTest@62452cc9]" started-at="2023-07-12T14:34:31 IST" name="setup" finished-at="2023-07-12T14:34:42 IST" duration-ms="10929" status="PASS">
          <reporter-output>
          </reporter-output>
        </test-method> <!-- setup -->
        <test-method signature="clickShopnewyogaTest()[pri:1, instance:TestNg_Classes.HomePage_ShopnewYogaTest@62452cc9]" started-at="2023-07-12T14:34:42 IST" name="clickShopnewyogaTest" finished-at="2023-07-12T14:34:47 IST" duration-ms="5582" status="PASS">
          <reporter-output>
          </reporter-output>
        </test-method> <!-- clickShopnewyogaTest -->
        <test-method is-config="true" signature="afterMethod(org.testng.ITestResult)[pri:0, instance:TestNg_Classes.HomePage_ShopnewYogaTest@62452cc9]" started-at="2023-07-12T14:34:47 IST" name="afterMethod" finished-at="2023-07-12T14:34:47 IST" duration-ms="14" status="PASS">
          <params>
            <param index="0">
              <value>
                <![CDATA[[TestResult name=clickShopnewyogaTest status=SUCCESS method=HomePage_ShopnewYogaTest.clickShopnewyogaTest()[pri:1, instance:TestNg_Classes.HomePage_ShopnewYogaTest@62452cc9] output={null}]]]>
              </value>
            </param>
          </params>
          <reporter-output>
          </reporter-output>
        </test-method> <!-- afterMethod -->
        <test-method signature="clickonstyleTest()[pri:2, instance:TestNg_Classes.HomePage_ShopnewYogaTest@62452cc9]" started-at="2023-07-12T14:34:47 IST" name="clickonstyleTest" finished-at="2023-07-12T14:34:54 IST" duration-ms="7106" status="PASS">
          <reporter-output>
          </reporter-output>
        </test-method> <!-- clickonstyleTest -->
        <test-method is-config="true" signature="teardown()[pri:0, instance:TestNg_Classes.HomePage_ShopnewYogaTest@62452cc9]" started-at="2023-07-12T14:34:54 IST" name="teardown" finished-at="2023-07-12T14:34:55 IST" duration-ms="616" status="PASS">
          <reporter-output>
          </reporter-output>
        </test-method> <!-- teardown -->
        <test-method is-config="true" signature="afterMethod(org.testng.ITestResult)[pri:0, instance:TestNg_Classes.HomePage_ShopnewYogaTest@62452cc9]" started-at="2023-07-12T14:34:54 IST" name="afterMethod" finished-at="2023-07-12T14:34:54 IST" duration-ms="0" status="PASS">
          <params>
            <param index="0">
              <value>
                <![CDATA[[TestResult name=clickonstyleTest status=SUCCESS method=HomePage_ShopnewYogaTest.clickonstyleTest()[pri:2, instance:TestNg_Classes.HomePage_ShopnewYogaTest@62452cc9] output={null}]]]>
              </value>
            </param>
          </params>
          <reporter-output>
          </reporter-output>
        </test-method> <!-- afterMethod -->
        <test-method is-config="true" signature="runaftersuite()[pri:0, instance:TestNg_Classes.HomePage_ShopnewYogaTest@62452cc9]" started-at="2023-07-12T14:34:56 IST" name="runaftersuite" finished-at="2023-07-12T14:34:56 IST" duration-ms="3" status="PASS">
          <reporter-output>
          </reporter-output>
        </test-method> <!-- runaftersuite -->
      </class> <!-- TestNg_Classes.HomePage_ShopnewYogaTest -->
    </test> <!-- Default test -->
  </suite> <!-- Default suite -->
</testng-results>
